<?xml version="1.0" encoding="UTF-8"?>
<!-- Generated by org.testng.reporters.JUnitXMLReporter -->
<testsuite ignored="0" hostname="DESKTOP-FTHOGM6" failures="0" tests="4" name="Test2" time="0.086" errors="0" timestamp="2024-01-09T14:20:33 IST">
  <testcase classname="testcase.BaseTest" name="@BeforeMethod setUp" time="-1.704790233237E9">
    <failure type="org.testng.TestNGException" message="
Parameter &amp;apos;browser&amp;apos; is required by BeforeMethod on method setUp but has not been marked @Optional or defined
in C:\Users\USER\eclipse-workspace-03\HRMSProject\testng_parallelMethod.xml">
      <![CDATA[org.testng.TestNGException: 
Parameter 'browser' is required by BeforeMethod on method setUp but has not been marked @Optional or defined
in C:\Users\USER\eclipse-workspace-03\HRMSProject\testng_parallelMethod.xml
at java.base/java.util.ArrayList.forEach(ArrayList.java:1511)
... Removed 28 stack frames]]>
    </failure>
  </testcase> <!-- @BeforeMethod setUp -->
  <testcase classname="testcase.BaseTest" name="@BeforeMethod setUp" time="-1.704790233266E9">
    <skipped/>
  </testcase> <!-- @BeforeMethod setUp -->
  <testcase classname="testcase.BaseTest" name="@BeforeMethod setUp" time="-1.704790233273E9">
    <skipped/>
  </testcase> <!-- @BeforeMethod setUp -->
  <testcase classname="testcase.BaseTest" name="@BeforeMethod setUp" time="-1.704790233279E9">
    <failure type="org.testng.TestNGException" message="
Parameter &amp;apos;browser&amp;apos; is required by BeforeMethod on method setUp but has not been marked @Optional or defined
in C:\Users\USER\eclipse-workspace-03\HRMSProject\testng_parallelMethod.xml">
      <![CDATA[org.testng.TestNGException: 
Parameter 'browser' is required by BeforeMethod on method setUp but has not been marked @Optional or defined
in C:\Users\USER\eclipse-workspace-03\HRMSProject\testng_parallelMethod.xml
at java.base/java.util.ArrayList.forEach(ArrayList.java:1511)
... Removed 28 stack frames]]>
    </failure>
  </testcase> <!-- @BeforeMethod setUp -->
  <testcase classname="testcase.OrganisationTests" name="ValidatingOrganisationTestNotSavedWithoutPassingAnuData" time="0.0">
    <skipped/>
  </testcase> <!-- ValidatingOrganisationTestNotSavedWithoutPassingAnuData -->
  <testcase classname="testcase.OrganisationTests" name="ValidatingOrganisationTestNotSavedByPassingOnlyNameData" time="0.0">
    <skipped/>
  </testcase> <!-- ValidatingOrganisationTestNotSavedByPassingOnlyNameData -->
  <testcase classname="testcase.OrganisationTests" name="ValidatingOrganisationTestSavedByPassingAllTheDatas" time="0.0">
    <skipped/>
  </testcase> <!-- ValidatingOrganisationTestSavedByPassingAllTheDatas -->
  <testcase classname="testcase.EmployeeTest" name="ValidatingEmployeeDetailsSavedByPassingAllTheDatas" time="0.0">
    <skipped/>
  </testcase> <!-- ValidatingEmployeeDetailsSavedByPassingAllTheDatas -->
</testsuite> <!-- Test2 -->
