<html>
<head>
<title>TestNG:  Test_Chrome</title>
<link href="../testng.css" rel="stylesheet" type="text/css" />
<link href="../my-testng.css" rel="stylesheet" type="text/css" />

<style type="text/css">
.log { display: none;} 
.stack-trace { display: none;} 
</style>
<script type="text/javascript">
<!--
function flip(e) {
  current = e.style.display;
  if (current == 'block') {
    e.style.display = 'none';
    return 0;
  }
  else {
    e.style.display = 'block';
    return 1;
  }
}

function toggleBox(szDivId, elem, msg1, msg2)
{
  var res = -1;  if (document.getElementById) {
    res = flip(document.getElementById(szDivId));
  }
  else if (document.all) {
    // this is the way old msie versions work
    res = flip(document.all[szDivId]);
  }
  if(elem) {
    if(res == 0) elem.innerHTML = msg1; else elem.innerHTML = msg2;
  }

}

function toggleAllBoxes() {
  if (document.getElementsByTagName) {
    d = document.getElementsByTagName('div');
    for (i = 0; i < d.length; i++) {
      if (d[i].className == 'log') {
        flip(d[i]);
      }
    }
  }
}

// -->
</script>

</head>
<body>
<h2 align='center'>Test_Chrome</h2><table border='1' align="center">
<tr>
<td>Tests passed/Failed/Skipped:</td><td>24/0/2</td>
</tr><tr>
<td>Started on:</td><td>Tue Jan 09 21:36:48 IST 2024</td>
</tr>
<tr><td>Total time:</td><td>301 seconds (301394 ms)</td>
</tr><tr>
<td>Included groups:</td><td></td>
</tr><tr>
<td>Excluded groups:</td><td></td>
</tr>
</table><p/>
<small><i>(Hover the method name to see the test class name)</i></small><p/>
<table width='100%' border='1' class='invocation-passed'>
<tr><td colspan='4' align='center'><b>PASSED TESTS</b></td></tr>
<tr><td><b>Test method</b></td>
<td width="30%"><b>Exception</b></td>
<td width="10%"><b>Time (seconds)</b></td>
<td><b>Instance</b></td>
</tr>
<tr>
<td title='testcase.OrganisationTests.ValidatingOrganisationTestNotSavedByPassingOnlyNameData()'><b>ValidatingOrganisationTestNotSavedByPassingOnlyNameData</b><br>Test class: testcase.OrganisationTests</td>
<td></td>
<td>8</td>
<td>testcase.OrganisationTests@2fd953a6</td></tr>
<tr>
<td title='testcase.SignoutTest.Signout()'><b>Signout</b><br>Test class: testcase.SignoutTest</td>
<td></td>
<td>5</td>
<td>testcase.SignoutTest@4ae9cfc1</td></tr>
<tr>
<td title='testcase.AttendanceTest.ValidateAttendanceCheckedBasedOnDate()'><b>ValidateAttendanceCheckedBasedOnDate</b><br>Test class: testcase.AttendanceTest</td>
<td></td>
<td>7</td>
<td>testcase.AttendanceTest@1c93f6e1</td></tr>
<tr>
<td title='testcase.StaffTest.ValidatingRolesAndPrivilagesOfStaffIsSaved()'><b>ValidatingRolesAndPrivilagesOfStaffIsSaved</b><br>Test class: testcase.StaffTest</td>
<td></td>
<td>9</td>
<td>testcase.StaffTest@38b27cdc</td></tr>
<tr>
<td title='testcase.OrganisationTests.ValidatingOrganisationTestSavedByPassingAllTheDatas()'><b>ValidatingOrganisationTestSavedByPassingAllTheDatas</b><br>Test class: testcase.OrganisationTests</td>
<td></td>
<td>7</td>
<td>testcase.OrganisationTests@2fd953a6</td></tr>
<tr>
<td title='testcase.GoalTrackingTest.ValidatingGoalTrackingAddedByPassingAllTheTestData()'><b>ValidatingGoalTrackingAddedByPassingAllTheTestData</b><br>Test class: testcase.GoalTrackingTest</td>
<td></td>
<td>9</td>
<td>testcase.GoalTrackingTest@5ddf0d24</td></tr>
<tr>
<td title='testcase.EmployeeTest.ValidatingEmployeeDetailsNotSavedWithoutPassingAnyData()'><b>ValidatingEmployeeDetailsNotSavedWithoutPassingAnyData</b><br>Test class: testcase.EmployeeTest</td>
<td></td>
<td>6</td>
<td>testcase.EmployeeTest@130e116b</td></tr>
<tr>
<td title='testcase.EmployeeTest.ValidatingEmployeeDetailsSavedByPassingAllTheDatas()'><b>ValidatingEmployeeDetailsSavedByPassingAllTheDatas</b><br>Test class: testcase.EmployeeTest</td>
<td></td>
<td>9</td>
<td>testcase.EmployeeTest@130e116b</td></tr>
<tr>
<td title='testcase.LoginTests.Valid_LoginTest()'><b>Valid_LoginTest</b><br>Test class: testcase.LoginTests</td>
<td></td>
<td>5</td>
<td>testcase.LoginTests@363a52f</td></tr>
<tr>
<td title='testcase.GoalTrackingTest.ValidatingGoalTrackingNotAddedByNotPassingAnyTestData()'><b>ValidatingGoalTrackingNotAddedByNotPassingAnyTestData</b><br>Test class: testcase.GoalTrackingTest</td>
<td></td>
<td>8</td>
<td>testcase.GoalTrackingTest@5ddf0d24</td></tr>
<tr>
<td title='testcase.EmployeeTest.ValidatingEmployeeDetailsNotSavedByPassingFirstTwoDatas()'><b>ValidatingEmployeeDetailsNotSavedByPassingFirstTwoDatas</b><br>Test class: testcase.EmployeeTest</td>
<td></td>
<td>7</td>
<td>testcase.EmployeeTest@130e116b</td></tr>
<tr>
<td title='testcase.GoalTrackingTest.ValidatingGoalTrackingNotAddedByNotPassingOnlyOneTestData()'><b>ValidatingGoalTrackingNotAddedByNotPassingOnlyOneTestData</b><br>Test class: testcase.GoalTrackingTest</td>
<td></td>
<td>6</td>
<td>testcase.GoalTrackingTest@5ddf0d24</td></tr>
<tr>
<td title='testcase.TicketsTest.ValidatingTicketsIssuedToStaffIsSaved()'><b>ValidatingTicketsIssuedToStaffIsSaved</b><br>Test class: testcase.TicketsTest</td>
<td></td>
<td>8</td>
<td>testcase.TicketsTest@512baff6</td></tr>
<tr>
<td title='testcase.EmployeeTest.ValidatingEmployeeDetailsNotSavedByPassingOnlyTheFirstName()'><b>ValidatingEmployeeDetailsNotSavedByPassingOnlyTheFirstName</b><br>Test class: testcase.EmployeeTest</td>
<td></td>
<td>6</td>
<td>testcase.EmployeeTest@130e116b</td></tr>
<tr>
<td title='testcase.FileManagerTest.ValidatingDataSavedByUploadingFile()'><b>ValidatingDataSavedByUploadingFile</b><br>Test class: testcase.FileManagerTest</td>
<td></td>
<td>27</td>
<td>testcase.FileManagerTest@e383572</td></tr>
<tr>
<td title='testcase.TrainingTest.ValidatingTheTrainingTypeNotSavedWithoutPassingAnyDataInTheFeilds()'><b>ValidatingTheTrainingTypeNotSavedWithoutPassingAnyDataInTheFeilds</b><br>Test class: testcase.TrainingTest</td>
<td></td>
<td>4</td>
<td>testcase.TrainingTest@632ceb35</td></tr>
<tr>
<td title='testcase.OrganisationTests.ValidatingOrganisationTestNotSavedWithoutPassingAnuData()'><b>ValidatingOrganisationTestNotSavedWithoutPassingAnuData</b><br>Test class: testcase.OrganisationTests</td>
<td></td>
<td>5</td>
<td>testcase.OrganisationTests@2fd953a6</td></tr>
<tr>
<td title='testcase.LoginTests.Invalid_Username_Test()'><b>Invalid_Username_Test</b><br>Test class: testcase.LoginTests</td>
<td></td>
<td>0</td>
<td>testcase.LoginTests@363a52f</td></tr>
<tr>
<td title='testcase.TicketsTest.ValidatingTicketsTestNotSavedWithoutPassingAnyData()'><b>ValidatingTicketsTestNotSavedWithoutPassingAnyData</b><br>Test class: testcase.TicketsTest</td>
<td></td>
<td>6</td>
<td>testcase.TicketsTest@512baff6</td></tr>
<tr>
<td title='testcase.LoginTests.Invalid_Password_Test()'><b>Invalid_Password_Test</b><br>Test class: testcase.LoginTests</td>
<td></td>
<td>0</td>
<td>testcase.LoginTests@363a52f</td></tr>
<tr>
<td title='testcase.EmployeeDataTest.EmployeeDetails()'><b>EmployeeDetails</b><br>Test class: testcase.EmployeeDataTest<br>Parameters: admin, 123456, Srijida, Nazif, 123465, 12, Jan, 2020, CRROTHRM, Chennai Branch, Accounts and Finances, Developer, srijida, srin@gmail.com, Female, Morning Shift, 26, Jan, 2000, 111222, aabbcc, aabbcc, Test_MJ_02, Casual Leave, Trivandrum,Kerala</td>
<td></td>
<td>10</td>
<td>testcase.EmployeeDataTest@a4add54</td></tr>
<tr>
<td title='testcase.AssetTests.ValidateAssetIsNotAdded()'><b>ValidateAssetIsNotAdded</b><br>Test class: testcase.AssetTests</td>
<td></td>
<td>29</td>
<td>testcase.AssetTests@1800a575</td></tr>
<tr>
<td title='testcase.TrainingTest.ValidatingTrainingTestSavedDtailsByPassingAllTheDatas()'><b>ValidatingTrainingTestSavedDtailsByPassingAllTheDatas</b><br>Test class: testcase.TrainingTest</td>
<td></td>
<td>6</td>
<td>testcase.TrainingTest@632ceb35</td></tr>
<tr>
<td title='testcase.LoginTests.Invalid_LoginTest()'><b>Invalid_LoginTest</b><br>Test class: testcase.LoginTests</td>
<td></td>
<td>0</td>
<td>testcase.LoginTests@363a52f</td></tr>
</table><p>
<table width='100%' border='1' class='invocation-skipped'>
<tr><td colspan='4' align='center'><b>SKIPPED TESTS</b></td></tr>
<tr><td><b>Test method</b></td>
<td width="30%"><b>Exception</b></td>
<td width="10%"><b>Time (seconds)</b></td>
<td><b>Instance</b></td>
</tr>
<tr>
<td title='testcase.TicketsTest.ValidatingTicketsIssuedToStaffIsSaved()'><b>ValidatingTicketsIssuedToStaffIsSaved</b><br>Test class: testcase.TicketsTest</td>
<td><div><pre>org.openqa.selenium.StaleElementReferenceException: stale element reference: stale element not found
  (Session info: chrome=120.0.6099.200)
For documentation on this error, please visit: https://www.selenium.dev/documentation/webdriver/troubleshooting/errors#stale-element-reference-exception
Build info: version: &apos;4.16.1&apos;, revision: &apos;9b4c83354e&apos;
System info: os.name: &apos;Windows 10&apos;, os.arch: &apos;amd64&apos;, os.version: &apos;10.0&apos;, java.version: &apos;17.0.9&apos;
Driver info: org.openqa.selenium.chrome.ChromeDriver
Command: [18adebc75353fd72989fa79676dffdb3, getElementTagName {id=D90014970A3FF114563E7809B9CB9183_element_108}]
Capabilities {acceptInsecureCerts: false, browserName: chrome, browserVersion: 120.0.6099.200, chrome: {chromedriverVersion: 120.0.6099.109 (3419140ab66..., userDataDir: C:\Users\USER\AppData\Local...}, fedcm:accounts: true, goog:chromeOptions: {debuggerAddress: localhost:55402}, networkConnectionEnabled: false, pageLoadStrategy: normal, platformName: windows, proxy: Proxy(), se:cdp: ws://localhost:55402/devtoo..., se:cdpVersion: 120.0.6099.200, setWindowRect: true, strictFileInteractability: false, timeouts: {implicit: 0, pageLoad: 300000, script: 30000}, unhandledPromptBehavior: dismiss and notify, webauthn:extension:credBlob: true, webauthn:extension:largeBlob: true, webauthn:extension:minPinLength: true, webauthn:extension:prf: true, webauthn:virtualAuthenticators: true}
Element: [[ChromeDriver: chrome on windows (18adebc75353fd72989fa79676dffdb3)] -&gt; xpath: //select[@name=&apos;employee_id&apos;]]
Session ID: 18adebc75353fd72989fa79676dffdb3
	at org.openqa.selenium.remote.codec.w3c.W3CHttpResponseCodec.createException(W3CHttpResponseCodec.java:200)
	at org.openqa.selenium.remote.codec.w3c.W3CHttpResponseCodec.decode(W3CHttpResponseCodec.java:133)
	at org.openqa.selenium.remote.codec.w3c.W3CHttpResponseCodec.decode(W3CHttpResponseCodec.java:52)
	at org.openqa.selenium.remote.HttpCommandExecutor.execute(HttpCommandExecutor.java:191)
	at org.openqa.selenium.remote.service.DriverCommandExecutor.invokeExecute(DriverCommandExecutor.java:200)
	at org.openqa.selenium.remote.service.DriverCommandExecutor.execute(DriverCommandExecutor.java:175)
	at org.openqa.selenium.remote.RemoteWebDriver.execute(RemoteWebDriver.java:523)
	at org.openqa.selenium.remote.RemoteWebElement.execute(RemoteWebElement.java:224)
	at org.openqa.selenium.remote.RemoteWebElement.getTagName(RemoteWebElement.java:135)
	at org.openqa.selenium.support.pagefactory.internal.LocatingElementHandler.invoke(LocatingElementHandler.java:51)
	at jdk.proxy2/jdk.proxy2.$Proxy19.getTagName(Unknown Source)
	at org.openqa.selenium.support.ui.Select.&lt;init&gt;(Select.java:43)
	at utilities.ElementUtility.selectDrpdown(ElementUtility.java:64)
	at Pages.TicketPage.stremp_ticket(TicketPage.java:54)
	at testcase.TicketsTest.ValidatingTicketsIssuedToStaffIsSaved(TicketsTest.java:27)
	at java.base/java.util.ArrayList.forEach(ArrayList.java:1511)
... Removed 36 stack frames</pre></div><a href='#' onClick='toggleBox("stack-trace1550899184", this, "Click to show all stack frames", "Click to hide stack frames")'>Click to show all stack frames</a>
<div class='stack-trace' id='stack-trace1550899184'><pre>org.openqa.selenium.StaleElementReferenceException: stale element reference: stale element not found
  (Session info: chrome=120.0.6099.200)
For documentation on this error, please visit: https://www.selenium.dev/documentation/webdriver/troubleshooting/errors#stale-element-reference-exception
Build info: version: &apos;4.16.1&apos;, revision: &apos;9b4c83354e&apos;
System info: os.name: &apos;Windows 10&apos;, os.arch: &apos;amd64&apos;, os.version: &apos;10.0&apos;, java.version: &apos;17.0.9&apos;
Driver info: org.openqa.selenium.chrome.ChromeDriver
Command: [18adebc75353fd72989fa79676dffdb3, getElementTagName {id=D90014970A3FF114563E7809B9CB9183_element_108}]
Capabilities {acceptInsecureCerts: false, browserName: chrome, browserVersion: 120.0.6099.200, chrome: {chromedriverVersion: 120.0.6099.109 (3419140ab66..., userDataDir: C:\Users\USER\AppData\Local...}, fedcm:accounts: true, goog:chromeOptions: {debuggerAddress: localhost:55402}, networkConnectionEnabled: false, pageLoadStrategy: normal, platformName: windows, proxy: Proxy(), se:cdp: ws://localhost:55402/devtoo..., se:cdpVersion: 120.0.6099.200, setWindowRect: true, strictFileInteractability: false, timeouts: {implicit: 0, pageLoad: 300000, script: 30000}, unhandledPromptBehavior: dismiss and notify, webauthn:extension:credBlob: true, webauthn:extension:largeBlob: true, webauthn:extension:minPinLength: true, webauthn:extension:prf: true, webauthn:virtualAuthenticators: true}
Element: [[ChromeDriver: chrome on windows (18adebc75353fd72989fa79676dffdb3)] -&gt; xpath: //select[@name=&apos;employee_id&apos;]]
Session ID: 18adebc75353fd72989fa79676dffdb3
	at java.base/jdk.internal.reflect.NativeConstructorAccessorImpl.newInstance0(Native Method)
	at java.base/jdk.internal.reflect.NativeConstructorAccessorImpl.newInstance(NativeConstructorAccessorImpl.java:77)
	at java.base/jdk.internal.reflect.DelegatingConstructorAccessorImpl.newInstance(DelegatingConstructorAccessorImpl.java:45)
	at java.base/java.lang.reflect.Constructor.newInstanceWithCaller(Constructor.java:499)
	at java.base/java.lang.reflect.Constructor.newInstance(Constructor.java:480)
	at org.openqa.selenium.remote.codec.w3c.W3CHttpResponseCodec.createException(W3CHttpResponseCodec.java:200)
	at org.openqa.selenium.remote.codec.w3c.W3CHttpResponseCodec.decode(W3CHttpResponseCodec.java:133)
	at org.openqa.selenium.remote.codec.w3c.W3CHttpResponseCodec.decode(W3CHttpResponseCodec.java:52)
	at org.openqa.selenium.remote.HttpCommandExecutor.execute(HttpCommandExecutor.java:191)
	at org.openqa.selenium.remote.service.DriverCommandExecutor.invokeExecute(DriverCommandExecutor.java:200)
	at org.openqa.selenium.remote.service.DriverCommandExecutor.execute(DriverCommandExecutor.java:175)
	at org.openqa.selenium.remote.RemoteWebDriver.execute(RemoteWebDriver.java:523)
	at org.openqa.selenium.remote.RemoteWebElement.execute(RemoteWebElement.java:224)
	at org.openqa.selenium.remote.RemoteWebElement.getTagName(RemoteWebElement.java:135)
	at java.base/jdk.internal.reflect.NativeMethodAccessorImpl.invoke0(Native Method)
	at java.base/jdk.internal.reflect.NativeMethodAccessorImpl.invoke(NativeMethodAccessorImpl.java:77)
	at java.base/jdk.internal.reflect.DelegatingMethodAccessorImpl.invoke(DelegatingMethodAccessorImpl.java:43)
	at java.base/java.lang.reflect.Method.invoke(Method.java:568)
	at org.openqa.selenium.support.pagefactory.internal.LocatingElementHandler.invoke(LocatingElementHandler.java:51)
	at jdk.proxy2/jdk.proxy2.$Proxy19.getTagName(Unknown Source)
	at org.openqa.selenium.support.ui.Select.&lt;init&gt;(Select.java:43)
	at utilities.ElementUtility.selectDrpdown(ElementUtility.java:64)
	at Pages.TicketPage.stremp_ticket(TicketPage.java:54)
	at testcase.TicketsTest.ValidatingTicketsIssuedToStaffIsSaved(TicketsTest.java:27)
	at java.base/jdk.internal.reflect.NativeMethodAccessorImpl.invoke0(Native Method)
	at java.base/jdk.internal.reflect.NativeMethodAccessorImpl.invoke(NativeMethodAccessorImpl.java:77)
	at java.base/jdk.internal.reflect.DelegatingMethodAccessorImpl.invoke(DelegatingMethodAccessorImpl.java:43)
	at java.base/java.lang.reflect.Method.invoke(Method.java:568)
	at org.testng.internal.MethodInvocationHelper.invokeMethod(MethodInvocationHelper.java:133)
	at org.testng.internal.TestInvoker.invokeMethod(TestInvoker.java:598)
	at org.testng.internal.TestInvoker.retryFailed(TestInvoker.java:213)
	at org.testng.internal.MethodRunner.runInSequence(MethodRunner.java:58)
	at org.testng.internal.TestInvoker$MethodInvocationAgent.invoke(TestInvoker.java:824)
	at org.testng.internal.TestInvoker.invokeTestMethods(TestInvoker.java:146)
	at org.testng.internal.TestMethodWorker.invokeTestMethods(TestMethodWorker.java:146)
	at org.testng.internal.TestMethodWorker.run(TestMethodWorker.java:128)
	at java.base/java.util.ArrayList.forEach(ArrayList.java:1511)
	at org.testng.TestRunner.privateRun(TestRunner.java:794)
	at org.testng.TestRunner.run(TestRunner.java:596)
	at org.testng.SuiteRunner.runTest(SuiteRunner.java:377)
	at org.testng.SuiteRunner.runSequentially(SuiteRunner.java:371)
	at org.testng.SuiteRunner.privateRun(SuiteRunner.java:332)
	at org.testng.SuiteRunner.run(SuiteRunner.java:276)
	at org.testng.SuiteRunnerWorker.runSuite(SuiteRunnerWorker.java:53)
	at org.testng.SuiteRunnerWorker.run(SuiteRunnerWorker.java:96)
	at org.testng.TestNG.runSuitesSequentially(TestNG.java:1212)
	at org.testng.TestNG.runSuitesLocally(TestNG.java:1134)
	at org.testng.TestNG.runSuites(TestNG.java:1063)
	at org.testng.TestNG.run(TestNG.java:1031)
	at org.testng.remote.AbstractRemoteTestNG.run(AbstractRemoteTestNG.java:115)
	at org.testng.remote.RemoteTestNG.initAndRun(RemoteTestNG.java:251)
	at org.testng.remote.RemoteTestNG.main(RemoteTestNG.java:77)
</pre></div></td>
<td>5</td>
<td>testcase.TicketsTest@512baff6</td></tr>
<tr>
<td title='testcase.TicketsTest.ValidatingTicketsIssuedToStaffIsSaved()'><b>ValidatingTicketsIssuedToStaffIsSaved</b><br>Test class: testcase.TicketsTest</td>
<td><div><pre>org.openqa.selenium.StaleElementReferenceException: stale element reference: stale element not found
  (Session info: chrome=120.0.6099.200)
For documentation on this error, please visit: https://www.selenium.dev/documentation/webdriver/troubleshooting/errors#stale-element-reference-exception
Build info: version: &apos;4.16.1&apos;, revision: &apos;9b4c83354e&apos;
System info: os.name: &apos;Windows 10&apos;, os.arch: &apos;amd64&apos;, os.version: &apos;10.0&apos;, java.version: &apos;17.0.9&apos;
Driver info: org.openqa.selenium.chrome.ChromeDriver
Command: [052b48ac9070a8116f6ddc7562fa525f, getElementTagName {id=69F015193B0BC21E564517A343756E82_element_106}]
Capabilities {acceptInsecureCerts: false, browserName: chrome, browserVersion: 120.0.6099.200, chrome: {chromedriverVersion: 120.0.6099.109 (3419140ab66..., userDataDir: C:\Users\USER\AppData\Local...}, fedcm:accounts: true, goog:chromeOptions: {debuggerAddress: localhost:55375}, networkConnectionEnabled: false, pageLoadStrategy: normal, platformName: windows, proxy: Proxy(), se:cdp: ws://localhost:55375/devtoo..., se:cdpVersion: 120.0.6099.200, setWindowRect: true, strictFileInteractability: false, timeouts: {implicit: 0, pageLoad: 300000, script: 30000}, unhandledPromptBehavior: dismiss and notify, webauthn:extension:credBlob: true, webauthn:extension:largeBlob: true, webauthn:extension:minPinLength: true, webauthn:extension:prf: true, webauthn:virtualAuthenticators: true}
Element: [[ChromeDriver: chrome on windows (052b48ac9070a8116f6ddc7562fa525f)] -&gt; xpath: //select[@name=&apos;employee_id&apos;]]
Session ID: 052b48ac9070a8116f6ddc7562fa525f
	at org.openqa.selenium.remote.codec.w3c.W3CHttpResponseCodec.createException(W3CHttpResponseCodec.java:200)
	at org.openqa.selenium.remote.codec.w3c.W3CHttpResponseCodec.decode(W3CHttpResponseCodec.java:133)
	at org.openqa.selenium.remote.codec.w3c.W3CHttpResponseCodec.decode(W3CHttpResponseCodec.java:52)
	at org.openqa.selenium.remote.HttpCommandExecutor.execute(HttpCommandExecutor.java:191)
	at org.openqa.selenium.remote.service.DriverCommandExecutor.invokeExecute(DriverCommandExecutor.java:200)
	at org.openqa.selenium.remote.service.DriverCommandExecutor.execute(DriverCommandExecutor.java:175)
	at org.openqa.selenium.remote.RemoteWebDriver.execute(RemoteWebDriver.java:523)
	at org.openqa.selenium.remote.RemoteWebElement.execute(RemoteWebElement.java:224)
	at org.openqa.selenium.remote.RemoteWebElement.getTagName(RemoteWebElement.java:135)
	at org.openqa.selenium.support.pagefactory.internal.LocatingElementHandler.invoke(LocatingElementHandler.java:51)
	at jdk.proxy2/jdk.proxy2.$Proxy19.getTagName(Unknown Source)
	at org.openqa.selenium.support.ui.Select.&lt;init&gt;(Select.java:43)
	at utilities.ElementUtility.selectDrpdown(ElementUtility.java:64)
	at Pages.TicketPage.stremp_ticket(TicketPage.java:54)
	at testcase.TicketsTest.ValidatingTicketsIssuedToStaffIsSaved(TicketsTest.java:27)
	at java.base/java.util.ArrayList.forEach(ArrayList.java:1511)
... Removed 36 stack frames</pre></div><a href='#' onClick='toggleBox("stack-trace1545308588", this, "Click to show all stack frames", "Click to hide stack frames")'>Click to show all stack frames</a>
<div class='stack-trace' id='stack-trace1545308588'><pre>org.openqa.selenium.StaleElementReferenceException: stale element reference: stale element not found
  (Session info: chrome=120.0.6099.200)
For documentation on this error, please visit: https://www.selenium.dev/documentation/webdriver/troubleshooting/errors#stale-element-reference-exception
Build info: version: &apos;4.16.1&apos;, revision: &apos;9b4c83354e&apos;
System info: os.name: &apos;Windows 10&apos;, os.arch: &apos;amd64&apos;, os.version: &apos;10.0&apos;, java.version: &apos;17.0.9&apos;
Driver info: org.openqa.selenium.chrome.ChromeDriver
Command: [052b48ac9070a8116f6ddc7562fa525f, getElementTagName {id=69F015193B0BC21E564517A343756E82_element_106}]
Capabilities {acceptInsecureCerts: false, browserName: chrome, browserVersion: 120.0.6099.200, chrome: {chromedriverVersion: 120.0.6099.109 (3419140ab66..., userDataDir: C:\Users\USER\AppData\Local...}, fedcm:accounts: true, goog:chromeOptions: {debuggerAddress: localhost:55375}, networkConnectionEnabled: false, pageLoadStrategy: normal, platformName: windows, proxy: Proxy(), se:cdp: ws://localhost:55375/devtoo..., se:cdpVersion: 120.0.6099.200, setWindowRect: true, strictFileInteractability: false, timeouts: {implicit: 0, pageLoad: 300000, script: 30000}, unhandledPromptBehavior: dismiss and notify, webauthn:extension:credBlob: true, webauthn:extension:largeBlob: true, webauthn:extension:minPinLength: true, webauthn:extension:prf: true, webauthn:virtualAuthenticators: true}
Element: [[ChromeDriver: chrome on windows (052b48ac9070a8116f6ddc7562fa525f)] -&gt; xpath: //select[@name=&apos;employee_id&apos;]]
Session ID: 052b48ac9070a8116f6ddc7562fa525f
	at java.base/jdk.internal.reflect.NativeConstructorAccessorImpl.newInstance0(Native Method)
	at java.base/jdk.internal.reflect.NativeConstructorAccessorImpl.newInstance(NativeConstructorAccessorImpl.java:77)
	at java.base/jdk.internal.reflect.DelegatingConstructorAccessorImpl.newInstance(DelegatingConstructorAccessorImpl.java:45)
	at java.base/java.lang.reflect.Constructor.newInstanceWithCaller(Constructor.java:499)
	at java.base/java.lang.reflect.Constructor.newInstance(Constructor.java:480)
	at org.openqa.selenium.remote.codec.w3c.W3CHttpResponseCodec.createException(W3CHttpResponseCodec.java:200)
	at org.openqa.selenium.remote.codec.w3c.W3CHttpResponseCodec.decode(W3CHttpResponseCodec.java:133)
	at org.openqa.selenium.remote.codec.w3c.W3CHttpResponseCodec.decode(W3CHttpResponseCodec.java:52)
	at org.openqa.selenium.remote.HttpCommandExecutor.execute(HttpCommandExecutor.java:191)
	at org.openqa.selenium.remote.service.DriverCommandExecutor.invokeExecute(DriverCommandExecutor.java:200)
	at org.openqa.selenium.remote.service.DriverCommandExecutor.execute(DriverCommandExecutor.java:175)
	at org.openqa.selenium.remote.RemoteWebDriver.execute(RemoteWebDriver.java:523)
	at org.openqa.selenium.remote.RemoteWebElement.execute(RemoteWebElement.java:224)
	at org.openqa.selenium.remote.RemoteWebElement.getTagName(RemoteWebElement.java:135)
	at java.base/jdk.internal.reflect.NativeMethodAccessorImpl.invoke0(Native Method)
	at java.base/jdk.internal.reflect.NativeMethodAccessorImpl.invoke(NativeMethodAccessorImpl.java:77)
	at java.base/jdk.internal.reflect.DelegatingMethodAccessorImpl.invoke(DelegatingMethodAccessorImpl.java:43)
	at java.base/java.lang.reflect.Method.invoke(Method.java:568)
	at org.openqa.selenium.support.pagefactory.internal.LocatingElementHandler.invoke(LocatingElementHandler.java:51)
	at jdk.proxy2/jdk.proxy2.$Proxy19.getTagName(Unknown Source)
	at org.openqa.selenium.support.ui.Select.&lt;init&gt;(Select.java:43)
	at utilities.ElementUtility.selectDrpdown(ElementUtility.java:64)
	at Pages.TicketPage.stremp_ticket(TicketPage.java:54)
	at testcase.TicketsTest.ValidatingTicketsIssuedToStaffIsSaved(TicketsTest.java:27)
	at java.base/jdk.internal.reflect.NativeMethodAccessorImpl.invoke0(Native Method)
	at java.base/jdk.internal.reflect.NativeMethodAccessorImpl.invoke(NativeMethodAccessorImpl.java:77)
	at java.base/jdk.internal.reflect.DelegatingMethodAccessorImpl.invoke(DelegatingMethodAccessorImpl.java:43)
	at java.base/java.lang.reflect.Method.invoke(Method.java:568)
	at org.testng.internal.MethodInvocationHelper.invokeMethod(MethodInvocationHelper.java:133)
	at org.testng.internal.TestInvoker.invokeMethod(TestInvoker.java:598)
	at org.testng.internal.TestInvoker.invokeTestMethod(TestInvoker.java:173)
	at org.testng.internal.MethodRunner.runInSequence(MethodRunner.java:46)
	at org.testng.internal.TestInvoker$MethodInvocationAgent.invoke(TestInvoker.java:824)
	at org.testng.internal.TestInvoker.invokeTestMethods(TestInvoker.java:146)
	at org.testng.internal.TestMethodWorker.invokeTestMethods(TestMethodWorker.java:146)
	at org.testng.internal.TestMethodWorker.run(TestMethodWorker.java:128)
	at java.base/java.util.ArrayList.forEach(ArrayList.java:1511)
	at org.testng.TestRunner.privateRun(TestRunner.java:794)
	at org.testng.TestRunner.run(TestRunner.java:596)
	at org.testng.SuiteRunner.runTest(SuiteRunner.java:377)
	at org.testng.SuiteRunner.runSequentially(SuiteRunner.java:371)
	at org.testng.SuiteRunner.privateRun(SuiteRunner.java:332)
	at org.testng.SuiteRunner.run(SuiteRunner.java:276)
	at org.testng.SuiteRunnerWorker.runSuite(SuiteRunnerWorker.java:53)
	at org.testng.SuiteRunnerWorker.run(SuiteRunnerWorker.java:96)
	at org.testng.TestNG.runSuitesSequentially(TestNG.java:1212)
	at org.testng.TestNG.runSuitesLocally(TestNG.java:1134)
	at org.testng.TestNG.runSuites(TestNG.java:1063)
	at org.testng.TestNG.run(TestNG.java:1031)
	at org.testng.remote.AbstractRemoteTestNG.run(AbstractRemoteTestNG.java:115)
	at org.testng.remote.RemoteTestNG.initAndRun(RemoteTestNG.java:251)
	at org.testng.remote.RemoteTestNG.main(RemoteTestNG.java:77)
</pre></div></td>
<td>6</td>
<td>testcase.TicketsTest@512baff6</td></tr>
</table><p>
</body>
</html>