<?xml version="1.0" encoding="UTF-8"?>
<!-- Generated by org.testng.reporters.JUnitXMLReporter -->
<testsuite ignored="3" hostname="DESKTOP-FTHOGM6" failures="1" tests="1" name="Test" time="1.319" errors="0" timestamp="2024-01-09T21:06:17 IST">
  <testcase classname="testcase.BaseTest" name="@AfterMethod takeScreenshotOnFailure" time="0.007">
    <failure type="java.lang.NullPointerException" message="Cannot invoke &amp;quot;org.openqa.selenium.TakesScreenshot.getScreenshotAs(org.openqa.selenium.OutputType)&amp;quot; because &amp;quot;testcase.BaseTest.driver&amp;quot; is null">
      <![CDATA[java.lang.NullPointerException: Cannot invoke "org.openqa.selenium.TakesScreenshot.getScreenshotAs(org.openqa.selenium.OutputType)" because "testcase.BaseTest.driver" is null
at testcase.BaseTest.takeScreenShotOnFailure(BaseTest.java:74)
at testcase.BaseTest.takeScreenshotOnFailure(BaseTest.java:63)
at java.base/java.util.ArrayList.forEach(ArrayList.java:1511)
... Removed 32 stack frames]]>
    </failure>
  </testcase> <!-- @AfterMethod takeScreenshotOnFailure -->
  <testcase classname="testcase.EmployeeTest" name="ValidatingEmployeeDetailsNotSavedByPassingFirstTwoDatas" time="1.251">
    <failure type="java.lang.NullPointerException" message="Cannot invoke &amp;quot;org.openqa.selenium.SearchContext.findElement(org.openqa.selenium.By)&amp;quot; because &amp;quot;this.searchContext&amp;quot; is null">
      <![CDATA[java.lang.NullPointerException: Cannot invoke "org.openqa.selenium.SearchContext.findElement(org.openqa.selenium.By)" because "this.searchContext" is null
at org.openqa.selenium.support.pagefactory.DefaultElementLocator.findElement(DefaultElementLocator.java:68)
at org.openqa.selenium.support.pagefactory.internal.LocatingElementHandler.invoke(LocatingElementHandler.java:38)
at jdk.proxy2/jdk.proxy2.$Proxy18.sendKeys(Unknown Source)
at utilities.ElementUtility.enterText(ElementUtility.java:37)
at Pages.LoginPage.setUsername(LoginPage.java:40)
at testcase.BaseTest.performLogin(BaseTest.java:83)
at testcase.EmployeeTest.ValidatingEmployeeDetailsNotSavedByPassingFirstTwoDatas(EmployeeTest.java:46)
at java.base/java.util.ArrayList.forEach(ArrayList.java:1511)
... Removed 27 stack frames]]>
    </failure>
  </testcase> <!-- ValidatingEmployeeDetailsNotSavedByPassingFirstTwoDatas -->
  <testcase classname="testcase.EmployeeTest" name="ValidatingEmployeeDetailsSavedByPassingAllTheDatas" time="0.0">
    <ignored/>
  </testcase> <!-- ValidatingEmployeeDetailsSavedByPassingAllTheDatas -->
  <testcase classname="testcase.EmployeeTest" name="ValidatingEmployeeDetailsNotSavedWithoutPassingAnyData" time="0.0">
    <ignored/>
  </testcase> <!-- ValidatingEmployeeDetailsNotSavedWithoutPassingAnyData -->
  <testcase classname="testcase.EmployeeTest" name="ValidatingEmployeeDetailsNotSavedByPassingOnlyTheFirstName" time="0.0">
    <ignored/>
  </testcase> <!-- ValidatingEmployeeDetailsNotSavedByPassingOnlyTheFirstName -->
</testsuite> <!-- Test -->
