<!DOCTYPE html PUBLIC "-//W3C//DTD XHTML 1.1//EN" "https://www.w3.org/TR/xhtml11/DTD/xhtml11.dtd">
<html xmlns="https://www.w3.org/1999/xhtml">
<head>
<meta http-equiv="content-type" content="text/html; charset=UTF-8"/>
<title>TestNG Report</title>
<style type="text/css">table {margin-bottom:10px;border-collapse:collapse;empty-cells:show}th,td {border:1px solid #009;padding:.25em .5em}th {vertical-align:bottom}td {vertical-align:top}table a {font-weight:bold}.stripe td {background-color: #E6EBF9}.num {text-align:right}.passedodd td {background-color: #3F3}.passedeven td {background-color: #0A0}.skippedodd td {background-color: #DDD}.skippedeven td {background-color: #CCC}.failedodd td,.attn {background-color: #F33}.failedeven td,.stripe .attn {background-color: #D00}.stacktrace {white-space:pre;font-family:monospace}.totop {font-size:85%;text-align:center;border-bottom:2px solid #000}.invisible {display:none}</style>
</head>
<body>
<table>
<tr><th>Test</th><th># Passed</th><th># Skipped</th><th># Retried</th><th># Failed</th><th>Time (ms)</th><th>Included Groups</th><th>Excluded Groups</th></tr>
<tr><th colspan="8">Suite</th></tr>
<tr><td><a href="#t0">Test_Chrome</a></td><td class="num">24</td><td class="num">0</td><td class="num attn">2</td><td class="num">0</td><td class="num">301,394</td><td></td><td></td></tr>
</table>
<table id='summary'><thead><tr><th>Class</th><th>Method</th><th>Start</th><th>Time (ms)</th></tr></thead><tbody><tr><th colspan="4">Suite</th></tr></tbody><tbody id="t0"><tr><th colspan="4">Test_Chrome &#8212; retried</th></tr><tr class="retriedeven"><td rowspan="2">testcase.TicketsTest</td><td><a href="#m0">ValidatingTicketsIssuedToStaffIsSaved</a></td><td rowspan="2">1704816445134</td><td rowspan="2">5879</td></tr><tr class="retriedeven"><td><a href="#m1">ValidatingTicketsIssuedToStaffIsSaved</a></td></tr><tr><th colspan="4">Test_Chrome &#8212; passed</th></tr><tr class="passedeven"><td rowspan="1">testcase.AssetTests</td><td><a href="#m2">ValidateAssetIsNotAdded</a></td><td rowspan="1">1704816503675</td><td rowspan="1">29309</td></tr><tr class="passedodd"><td rowspan="1">testcase.AttendanceTest</td><td><a href="#m3">ValidateAttendanceCheckedBasedOnDate</a></td><td rowspan="1">1704816492924</td><td rowspan="1">7833</td></tr><tr class="passedeven"><td rowspan="1">testcase.EmployeeDataTest</td><td><a href="#m4">EmployeeDetails</a></td><td rowspan="1">1704816699310</td><td rowspan="1">10227</td></tr><tr class="passedodd"><td rowspan="4">testcase.EmployeeTest</td><td><a href="#m5">ValidatingEmployeeDetailsNotSavedByPassingFirstTwoDatas</a></td><td rowspan="1">1704816535989</td><td rowspan="1">7664</td></tr><tr class="passedodd"><td><a href="#m6">ValidatingEmployeeDetailsNotSavedByPassingOnlyTheFirstName</a></td><td rowspan="1">1704816547725</td><td rowspan="1">6758</td></tr><tr class="passedodd"><td><a href="#m7">ValidatingEmployeeDetailsNotSavedWithoutPassingAnyData</a></td><td rowspan="1">1704816557304</td><td rowspan="1">6389</td></tr><tr class="passedodd"><td><a href="#m8">ValidatingEmployeeDetailsSavedByPassingAllTheDatas</a></td><td rowspan="1">1704816566809</td><td rowspan="1">9628</td></tr><tr class="passedeven"><td rowspan="1">testcase.FileManagerTest</td><td><a href="#m9">ValidatingDataSavedByUploadingFile</a></td><td rowspan="1">1704816579991</td><td rowspan="1">27785</td></tr><tr class="passedodd"><td rowspan="3">testcase.GoalTrackingTest</td><td><a href="#m10">ValidatingGoalTrackingAddedByPassingAllTheTestData</a></td><td rowspan="1">1704816622668</td><td rowspan="1">9673</td></tr><tr class="passedodd"><td><a href="#m11">ValidatingGoalTrackingNotAddedByNotPassingAnyTestData</a></td><td rowspan="1">1704816611027</td><td rowspan="1">8067</td></tr><tr class="passedodd"><td><a href="#m12">ValidatingGoalTrackingNotAddedByNotPassingOnlyOneTestData</a></td><td rowspan="1">1704816635734</td><td rowspan="1">6701</td></tr><tr class="passedeven"><td rowspan="4">testcase.LoginTests</td><td><a href="#m13">Invalid_LoginTest</a></td><td rowspan="1">1704816662345</td><td rowspan="1">436</td></tr><tr class="passedeven"><td><a href="#m14">Invalid_Password_Test</a></td><td rowspan="1">1704816657693</td><td rowspan="1">353</td></tr><tr class="passedeven"><td><a href="#m15">Invalid_Username_Test</a></td><td rowspan="1">1704816654569</td><td rowspan="1">291</td></tr><tr class="passedeven"><td><a href="#m16">Valid_LoginTest</a></td><td rowspan="1">1704816646046</td><td rowspan="1">5609</td></tr><tr class="passedodd"><td rowspan="3">testcase.OrganisationTests</td><td><a href="#m17">ValidatingOrganisationTestNotSavedByPassingOnlyNameData</a></td><td rowspan="1">1704816675669</td><td rowspan="1">8101</td></tr><tr class="passedodd"><td><a href="#m18">ValidatingOrganisationTestNotSavedWithoutPassingAnuData</a></td><td rowspan="1">1704816665681</td><td rowspan="1">5946</td></tr><tr class="passedodd"><td><a href="#m19">ValidatingOrganisationTestSavedByPassingAllTheDatas</a></td><td rowspan="1">1704816687400</td><td rowspan="1">7786</td></tr><tr class="passedeven"><td rowspan="1">testcase.SignoutTest</td><td><a href="#m20">Signout</a></td><td rowspan="1">1704816426554</td><td rowspan="1">5435</td></tr><tr class="passedodd"><td rowspan="1">testcase.StaffTest</td><td><a href="#m21">ValidatingRolesAndPrivilagesOfStaffIsSaved</a></td><td rowspan="1">1704816413818</td><td rowspan="1">9262</td></tr><tr class="passedeven"><td rowspan="2">testcase.TicketsTest</td><td><a href="#m22">ValidatingTicketsIssuedToStaffIsSaved</a></td><td rowspan="1">1704816454309</td><td rowspan="1">8872</td></tr><tr class="passedeven"><td><a href="#m23">ValidatingTicketsTestNotSavedWithoutPassingAnyData</a></td><td rowspan="1">1704816466147</td><td rowspan="1">6486</td></tr><tr class="passedodd"><td rowspan="2">testcase.TrainingTest</td><td><a href="#m24">ValidatingTheTrainingTypeNotSavedWithoutPassingAnyDataInTheFeilds</a></td><td rowspan="1">1704816475388</td><td rowspan="1">4431</td></tr><tr class="passedodd"><td><a href="#m25">ValidatingTrainingTestSavedDtailsByPassingAllTheDatas</a></td><td rowspan="1">1704816483367</td><td rowspan="1">6725</td></tr></tbody>
</table>
<h2>Test_Chrome</h2><h3 id="m0">testcase.TicketsTest#ValidatingTicketsIssuedToStaffIsSaved</h3><table class="result"><tr><th>Exception</th></tr><tr><td><div class="stacktrace">org.openqa.selenium.StaleElementReferenceException: stale element reference: stale element not found
  (Session info: chrome=120.0.6099.200)
For documentation on this error, please visit: https://www.selenium.dev/documentation/webdriver/troubleshooting/errors#stale-element-reference-exception
Build info: version: &apos;4.16.1&apos;, revision: &apos;9b4c83354e&apos;
System info: os.name: &apos;Windows 10&apos;, os.arch: &apos;amd64&apos;, os.version: &apos;10.0&apos;, java.version: &apos;17.0.9&apos;
Driver info: org.openqa.selenium.chrome.ChromeDriver
Command: [18adebc75353fd72989fa79676dffdb3, getElementTagName {id=D90014970A3FF114563E7809B9CB9183_element_108}]
Capabilities {acceptInsecureCerts: false, browserName: chrome, browserVersion: 120.0.6099.200, chrome: {chromedriverVersion: 120.0.6099.109 (3419140ab66..., userDataDir: C:\Users\USER\AppData\Local...}, fedcm:accounts: true, goog:chromeOptions: {debuggerAddress: localhost:55402}, networkConnectionEnabled: false, pageLoadStrategy: normal, platformName: windows, proxy: Proxy(), se:cdp: ws://localhost:55402/devtoo..., se:cdpVersion: 120.0.6099.200, setWindowRect: true, strictFileInteractability: false, timeouts: {implicit: 0, pageLoad: 300000, script: 30000}, unhandledPromptBehavior: dismiss and notify, webauthn:extension:credBlob: true, webauthn:extension:largeBlob: true, webauthn:extension:minPinLength: true, webauthn:extension:prf: true, webauthn:virtualAuthenticators: true}
Element: [[ChromeDriver: chrome on windows (18adebc75353fd72989fa79676dffdb3)] -&gt; xpath: //select[@name=&apos;employee_id&apos;]]
Session ID: 18adebc75353fd72989fa79676dffdb3
	at org.openqa.selenium.remote.codec.w3c.W3CHttpResponseCodec.createException(W3CHttpResponseCodec.java:200)
	at org.openqa.selenium.remote.codec.w3c.W3CHttpResponseCodec.decode(W3CHttpResponseCodec.java:133)
	at org.openqa.selenium.remote.codec.w3c.W3CHttpResponseCodec.decode(W3CHttpResponseCodec.java:52)
	at org.openqa.selenium.remote.HttpCommandExecutor.execute(HttpCommandExecutor.java:191)
	at org.openqa.selenium.remote.service.DriverCommandExecutor.invokeExecute(DriverCommandExecutor.java:200)
	at org.openqa.selenium.remote.service.DriverCommandExecutor.execute(DriverCommandExecutor.java:175)
	at org.openqa.selenium.remote.RemoteWebDriver.execute(RemoteWebDriver.java:523)
	at org.openqa.selenium.remote.RemoteWebElement.execute(RemoteWebElement.java:224)
	at org.openqa.selenium.remote.RemoteWebElement.getTagName(RemoteWebElement.java:135)
	at org.openqa.selenium.support.pagefactory.internal.LocatingElementHandler.invoke(LocatingElementHandler.java:51)
	at jdk.proxy2/jdk.proxy2.$Proxy19.getTagName(Unknown Source)
	at org.openqa.selenium.support.ui.Select.&lt;init&gt;(Select.java:43)
	at utilities.ElementUtility.selectDrpdown(ElementUtility.java:64)
	at Pages.TicketPage.stremp_ticket(TicketPage.java:54)
	at testcase.TicketsTest.ValidatingTicketsIssuedToStaffIsSaved(TicketsTest.java:27)
	at java.base/java.util.ArrayList.forEach(ArrayList.java:1511)
... Removed 36 stack frames</div></td></tr></table><p class="totop"><a href="#summary">back to summary</a></p>
<h3 id="m1">testcase.TicketsTest#ValidatingTicketsIssuedToStaffIsSaved</h3><table class="result"><tr><th>Exception</th></tr><tr><td><div class="stacktrace">org.openqa.selenium.StaleElementReferenceException: stale element reference: stale element not found
  (Session info: chrome=120.0.6099.200)
For documentation on this error, please visit: https://www.selenium.dev/documentation/webdriver/troubleshooting/errors#stale-element-reference-exception
Build info: version: &apos;4.16.1&apos;, revision: &apos;9b4c83354e&apos;
System info: os.name: &apos;Windows 10&apos;, os.arch: &apos;amd64&apos;, os.version: &apos;10.0&apos;, java.version: &apos;17.0.9&apos;
Driver info: org.openqa.selenium.chrome.ChromeDriver
Command: [052b48ac9070a8116f6ddc7562fa525f, getElementTagName {id=69F015193B0BC21E564517A343756E82_element_106}]
Capabilities {acceptInsecureCerts: false, browserName: chrome, browserVersion: 120.0.6099.200, chrome: {chromedriverVersion: 120.0.6099.109 (3419140ab66..., userDataDir: C:\Users\USER\AppData\Local...}, fedcm:accounts: true, goog:chromeOptions: {debuggerAddress: localhost:55375}, networkConnectionEnabled: false, pageLoadStrategy: normal, platformName: windows, proxy: Proxy(), se:cdp: ws://localhost:55375/devtoo..., se:cdpVersion: 120.0.6099.200, setWindowRect: true, strictFileInteractability: false, timeouts: {implicit: 0, pageLoad: 300000, script: 30000}, unhandledPromptBehavior: dismiss and notify, webauthn:extension:credBlob: true, webauthn:extension:largeBlob: true, webauthn:extension:minPinLength: true, webauthn:extension:prf: true, webauthn:virtualAuthenticators: true}
Element: [[ChromeDriver: chrome on windows (052b48ac9070a8116f6ddc7562fa525f)] -&gt; xpath: //select[@name=&apos;employee_id&apos;]]
Session ID: 052b48ac9070a8116f6ddc7562fa525f
	at org.openqa.selenium.remote.codec.w3c.W3CHttpResponseCodec.createException(W3CHttpResponseCodec.java:200)
	at org.openqa.selenium.remote.codec.w3c.W3CHttpResponseCodec.decode(W3CHttpResponseCodec.java:133)
	at org.openqa.selenium.remote.codec.w3c.W3CHttpResponseCodec.decode(W3CHttpResponseCodec.java:52)
	at org.openqa.selenium.remote.HttpCommandExecutor.execute(HttpCommandExecutor.java:191)
	at org.openqa.selenium.remote.service.DriverCommandExecutor.invokeExecute(DriverCommandExecutor.java:200)
	at org.openqa.selenium.remote.service.DriverCommandExecutor.execute(DriverCommandExecutor.java:175)
	at org.openqa.selenium.remote.RemoteWebDriver.execute(RemoteWebDriver.java:523)
	at org.openqa.selenium.remote.RemoteWebElement.execute(RemoteWebElement.java:224)
	at org.openqa.selenium.remote.RemoteWebElement.getTagName(RemoteWebElement.java:135)
	at org.openqa.selenium.support.pagefactory.internal.LocatingElementHandler.invoke(LocatingElementHandler.java:51)
	at jdk.proxy2/jdk.proxy2.$Proxy19.getTagName(Unknown Source)
	at org.openqa.selenium.support.ui.Select.&lt;init&gt;(Select.java:43)
	at utilities.ElementUtility.selectDrpdown(ElementUtility.java:64)
	at Pages.TicketPage.stremp_ticket(TicketPage.java:54)
	at testcase.TicketsTest.ValidatingTicketsIssuedToStaffIsSaved(TicketsTest.java:27)
	at java.base/java.util.ArrayList.forEach(ArrayList.java:1511)
... Removed 36 stack frames</div></td></tr></table><p class="totop"><a href="#summary">back to summary</a></p>
<h3 id="m2">testcase.AssetTests#ValidateAssetIsNotAdded</h3><table class="result"><tr><th class="invisible"/></tr></table><p class="totop"><a href="#summary">back to summary</a></p>
<h3 id="m3">testcase.AttendanceTest#ValidateAttendanceCheckedBasedOnDate</h3><table class="result"><tr><th class="invisible"/></tr></table><p class="totop"><a href="#summary">back to summary</a></p>
<h3 id="m4">testcase.EmployeeDataTest#EmployeeDetails</h3><table class="result"><tr class="param"><th>Parameter #1</th><th>Parameter #2</th><th>Parameter #3</th><th>Parameter #4</th><th>Parameter #5</th><th>Parameter #6</th><th>Parameter #7</th><th>Parameter #8</th><th>Parameter #9</th><th>Parameter #10</th><th>Parameter #11</th><th>Parameter #12</th><th>Parameter #13</th><th>Parameter #14</th><th>Parameter #15</th><th>Parameter #16</th><th>Parameter #17</th><th>Parameter #18</th><th>Parameter #19</th><th>Parameter #20</th><th>Parameter #21</th><th>Parameter #22</th><th>Parameter #23</th><th>Parameter #24</th><th>Parameter #25</th></tr><tr class="param stripe"><td>admin</td><td>123456</td><td>Srijida</td><td>Nazif</td><td>123465</td><td>12</td><td>Jan</td><td>2020</td><td>CRROTHRM</td><td>Chennai Branch</td><td>Accounts and Finances</td><td>Developer</td><td>srijida</td><td>srin@gmail.com</td><td>Female</td><td>Morning Shift</td><td>26</td><td>Jan</td><td>2000</td><td>111222</td><td>aabbcc</td><td>aabbcc</td><td>Test_MJ_02</td><td>Casual Leave</td><td>Trivandrum,Kerala</td></tr></table><p class="totop"><a href="#summary">back to summary</a></p>
<h3 id="m5">testcase.EmployeeTest#ValidatingEmployeeDetailsNotSavedByPassingFirstTwoDatas</h3><table class="result"><tr><th class="invisible"/></tr></table><p class="totop"><a href="#summary">back to summary</a></p>
<h3 id="m6">testcase.EmployeeTest#ValidatingEmployeeDetailsNotSavedByPassingOnlyTheFirstName</h3><table class="result"><tr><th class="invisible"/></tr></table><p class="totop"><a href="#summary">back to summary</a></p>
<h3 id="m7">testcase.EmployeeTest#ValidatingEmployeeDetailsNotSavedWithoutPassingAnyData</h3><table class="result"><tr><th class="invisible"/></tr></table><p class="totop"><a href="#summary">back to summary</a></p>
<h3 id="m8">testcase.EmployeeTest#ValidatingEmployeeDetailsSavedByPassingAllTheDatas</h3><table class="result"><tr><th class="invisible"/></tr></table><p class="totop"><a href="#summary">back to summary</a></p>
<h3 id="m9">testcase.FileManagerTest#ValidatingDataSavedByUploadingFile</h3><table class="result"><tr><th class="invisible"/></tr></table><p class="totop"><a href="#summary">back to summary</a></p>
<h3 id="m10">testcase.GoalTrackingTest#ValidatingGoalTrackingAddedByPassingAllTheTestData</h3><table class="result"><tr><th class="invisible"/></tr></table><p class="totop"><a href="#summary">back to summary</a></p>
<h3 id="m11">testcase.GoalTrackingTest#ValidatingGoalTrackingNotAddedByNotPassingAnyTestData</h3><table class="result"><tr><th class="invisible"/></tr></table><p class="totop"><a href="#summary">back to summary</a></p>
<h3 id="m12">testcase.GoalTrackingTest#ValidatingGoalTrackingNotAddedByNotPassingOnlyOneTestData</h3><table class="result"><tr><th class="invisible"/></tr></table><p class="totop"><a href="#summary">back to summary</a></p>
<h3 id="m13">testcase.LoginTests#Invalid_LoginTest</h3><table class="result"><tr><th class="invisible"/></tr></table><p class="totop"><a href="#summary">back to summary</a></p>
<h3 id="m14">testcase.LoginTests#Invalid_Password_Test</h3><table class="result"><tr><th class="invisible"/></tr></table><p class="totop"><a href="#summary">back to summary</a></p>
<h3 id="m15">testcase.LoginTests#Invalid_Username_Test</h3><table class="result"><tr><th class="invisible"/></tr></table><p class="totop"><a href="#summary">back to summary</a></p>
<h3 id="m16">testcase.LoginTests#Valid_LoginTest</h3><table class="result"><tr><th class="invisible"/></tr></table><p class="totop"><a href="#summary">back to summary</a></p>
<h3 id="m17">testcase.OrganisationTests#ValidatingOrganisationTestNotSavedByPassingOnlyNameData</h3><table class="result"><tr><th class="invisible"/></tr></table><p class="totop"><a href="#summary">back to summary</a></p>
<h3 id="m18">testcase.OrganisationTests#ValidatingOrganisationTestNotSavedWithoutPassingAnuData</h3><table class="result"><tr><th class="invisible"/></tr></table><p class="totop"><a href="#summary">back to summary</a></p>
<h3 id="m19">testcase.OrganisationTests#ValidatingOrganisationTestSavedByPassingAllTheDatas</h3><table class="result"><tr><th class="invisible"/></tr></table><p class="totop"><a href="#summary">back to summary</a></p>
<h3 id="m20">testcase.SignoutTest#Signout</h3><table class="result"><tr><th class="invisible"/></tr></table><p class="totop"><a href="#summary">back to summary</a></p>
<h3 id="m21">testcase.StaffTest#ValidatingRolesAndPrivilagesOfStaffIsSaved</h3><table class="result"><tr><th class="invisible"/></tr></table><p class="totop"><a href="#summary">back to summary</a></p>
<h3 id="m22">testcase.TicketsTest#ValidatingTicketsIssuedToStaffIsSaved</h3><table class="result"><tr><th class="invisible"/></tr></table><p class="totop"><a href="#summary">back to summary</a></p>
<h3 id="m23">testcase.TicketsTest#ValidatingTicketsTestNotSavedWithoutPassingAnyData</h3><table class="result"><tr><th class="invisible"/></tr></table><p class="totop"><a href="#summary">back to summary</a></p>
<h3 id="m24">testcase.TrainingTest#ValidatingTheTrainingTypeNotSavedWithoutPassingAnyDataInTheFeilds</h3><table class="result"><tr><th class="invisible"/></tr></table><p class="totop"><a href="#summary">back to summary</a></p>
<h3 id="m25">testcase.TrainingTest#ValidatingTrainingTestSavedDtailsByPassingAllTheDatas</h3><table class="result"><tr><th class="invisible"/></tr></table><p class="totop"><a href="#summary">back to summary</a></p>
</body>
</html>
